I, [2015-05-08T18:29:31.524879 #21573]  INFO -- Kitchen: -----> Starting Kitchen (v1.2.1)
I, [2015-05-08T18:29:33.176212 #21573]  INFO -- Kitchen: -----> Cleaning up any prior instances of <nad-o-matic-smartos-base64-1430>
I, [2015-05-08T18:29:33.176408 #21573]  INFO -- Kitchen: -----> Destroying <nad-o-matic-smartos-base64-1430>...
I, [2015-05-08T18:29:33.185052 #21573]  INFO -- Kitchen: -----> Testing <nad-o-matic-smartos-base64-1430>
I, [2015-05-08T18:29:33.185283 #21573]  INFO -- Kitchen: -----> Creating <nad-o-matic-smartos-base64-1430>...
I, [2015-05-08T18:30:38.285996 #21573]  INFO -- Kitchen: -----> Converging <nad-o-matic-smartos-base64-1430>...
E, [2015-05-08T18:34:38.557185 #21573] ERROR -- Kitchen: Converge failed on instance <nad-o-matic-smartos-base64-1430>.
I, [2015-05-08T18:47:48.739617 #21674]  INFO -- Kitchen: -----> Starting Kitchen (v1.2.1)
I, [2015-05-08T18:47:51.205839 #21674]  INFO -- Kitchen: -----> Converging <nad-o-matic-smartos-base64-1430>...
E, [2015-05-08T18:48:11.138073 #21674] ERROR -- Kitchen: Converge failed on instance <nad-o-matic-smartos-base64-1430>.
I, [2015-05-08T18:48:50.338507 #21689]  INFO -- Kitchen: -----> Starting Kitchen (v1.2.1)
I, [2015-05-08T18:48:52.093088 #21689]  INFO -- Kitchen: -----> Destroying <nad-o-matic-smartos-base64-1430>...
I, [2015-05-08T18:48:55.503930 #21689]  INFO -- Kitchen: -----> Destroying <nad-o-matic-ubuntu-certified-1404-201502252>...
I, [2015-05-08T18:48:55.505460 #21689]  INFO -- Kitchen: -----> Kitchen is finished. (0m5.17s)
I, [2015-05-08T18:50:33.717124 #21700]  INFO -- Kitchen: -----> Starting Kitchen (v1.2.1)
I, [2015-05-08T18:50:35.506549 #21700]  INFO -- Kitchen: -----> Cleaning up any prior instances of <nad-o-matic-smartos-base64-1430>
I, [2015-05-08T18:50:35.506695 #21700]  INFO -- Kitchen: -----> Destroying <nad-o-matic-smartos-base64-1430>...
I, [2015-05-08T18:50:35.515722 #21700]  INFO -- Kitchen: -----> Testing <nad-o-matic-smartos-base64-1430>
I, [2015-05-08T18:50:35.515940 #21700]  INFO -- Kitchen: -----> Creating <nad-o-matic-smartos-base64-1430>...
I, [2015-05-08T18:51:36.646236 #21700]  INFO -- Kitchen: -----> Converging <nad-o-matic-smartos-base64-1430>...
E, [2015-05-08T18:55:49.377749 #21700] ERROR -- Kitchen: Converge failed on instance <nad-o-matic-smartos-base64-1430>.
I, [2015-05-08T18:58:02.108866 #21739]  INFO -- Kitchen: -----> Starting Kitchen (v1.2.1)
I, [2015-05-08T18:58:03.739102 #21739]  INFO -- Kitchen: -----> Converging <nad-o-matic-smartos-base64-1430>...
E, [2015-05-08T18:58:09.178905 #21739] ERROR -- Kitchen: ------Exception-------
E, [2015-05-08T18:58:09.178983 #21739] ERROR -- Kitchen: Class: Kitchen::ActionFailed
E, [2015-05-08T18:58:09.179009 #21739] ERROR -- Kitchen: Message: Failed to complete #converge action: [Berkshelf::NoSolutionError]
E, [2015-05-08T18:58:09.179041 #21739] ERROR -- Kitchen: ---Nested Exception---
E, [2015-05-08T18:58:09.179071 #21739] ERROR -- Kitchen: Class: Berkshelf::NoSolutionError
E, [2015-05-08T18:58:09.179091 #21739] ERROR -- Kitchen: Message: Berkshelf::NoSolutionError
E, [2015-05-08T18:58:09.179108 #21739] ERROR -- Kitchen: ------Backtrace-------
E, [2015-05-08T18:58:09.179126 #21739] ERROR -- Kitchen: /opt/chefdk/embedded/lib/ruby/gems/2.1.0/gems/berkshelf-3.2.1/lib/berkshelf/resolver.rb:83:in `rescue in resolve'
E, [2015-05-08T18:58:09.179145 #21739] ERROR -- Kitchen: /opt/chefdk/embedded/lib/ruby/gems/2.1.0/gems/berkshelf-3.2.1/lib/berkshelf/resolver.rb:73:in `resolve'
E, [2015-05-08T18:58:09.179164 #21739] ERROR -- Kitchen: /opt/chefdk/embedded/lib/ruby/gems/2.1.0/gems/berkshelf-3.2.1/lib/berkshelf/installer.rb:175:in `install_from_universe'
E, [2015-05-08T18:58:09.179182 #21739] ERROR -- Kitchen: /opt/chefdk/embedded/lib/ruby/gems/2.1.0/gems/berkshelf-3.2.1/lib/berkshelf/installer.rb:39:in `run'
E, [2015-05-08T18:58:09.179201 #21739] ERROR -- Kitchen: /opt/chefdk/embedded/lib/ruby/gems/2.1.0/gems/berkshelf-3.2.1/lib/berkshelf/berksfile.rb:370:in `install'
E, [2015-05-08T18:58:09.179219 #21739] ERROR -- Kitchen: /opt/chefdk/embedded/lib/ruby/gems/2.1.0/gems/berkshelf-3.2.1/lib/berkshelf/berksfile.rb:579:in `block in vendor'
E, [2015-05-08T18:58:09.179252 #21739] ERROR -- Kitchen: /opt/chefdk/embedded/lib/ruby/2.1.0/tmpdir.rb:88:in `mktmpdir'
E, [2015-05-08T18:58:09.179274 #21739] ERROR -- Kitchen: /opt/chefdk/embedded/lib/ruby/gems/2.1.0/gems/berkshelf-3.2.1/lib/berkshelf/berksfile.rb:577:in `vendor'
E, [2015-05-08T18:58:09.179292 #21739] ERROR -- Kitchen: /opt/chefdk/embedded/apps/test-kitchen/lib/kitchen/provisioner/chef/berkshelf.rb:55:in `block in resolve'
E, [2015-05-08T18:58:09.179310 #21739] ERROR -- Kitchen: /opt/chefdk/embedded/lib/ruby/gems/2.1.0/gems/thor-0.19.1/lib/thor/shell/basic.rb:20:in `mute'
E, [2015-05-08T18:58:09.179328 #21739] ERROR -- Kitchen: /opt/chefdk/embedded/apps/test-kitchen/lib/kitchen/provisioner/chef/berkshelf.rb:51:in `resolve'
E, [2015-05-08T18:58:09.179369 #21739] ERROR -- Kitchen: /opt/chefdk/embedded/apps/test-kitchen/lib/kitchen/provisioner/chef_base.rb:394:in `block in resolve_with_berkshelf'
E, [2015-05-08T18:58:09.179388 #21739] ERROR -- Kitchen: /opt/chefdk/embedded/apps/test-kitchen/lib/kitchen/provisioner/chef_base.rb:393:in `synchronize'
E, [2015-05-08T18:58:09.179406 #21739] ERROR -- Kitchen: /opt/chefdk/embedded/apps/test-kitchen/lib/kitchen/provisioner/chef_base.rb:393:in `resolve_with_berkshelf'
E, [2015-05-08T18:58:09.179424 #21739] ERROR -- Kitchen: /opt/chefdk/embedded/apps/test-kitchen/lib/kitchen/provisioner/chef_base.rb:259:in `prepare_cookbooks'
E, [2015-05-08T18:58:09.179442 #21739] ERROR -- Kitchen: /opt/chefdk/embedded/apps/test-kitchen/lib/kitchen/provisioner/chef_base.rb:120:in `create_sandbox'
E, [2015-05-08T18:58:09.179460 #21739] ERROR -- Kitchen: /opt/chefdk/embedded/apps/test-kitchen/lib/kitchen/provisioner/chef_zero.rb:35:in `create_sandbox'
E, [2015-05-08T18:58:09.179478 #21739] ERROR -- Kitchen: /opt/chefdk/embedded/apps/test-kitchen/lib/kitchen/driver/ssh_base.rb:40:in `converge'
E, [2015-05-08T18:58:09.179495 #21739] ERROR -- Kitchen: /opt/chefdk/embedded/apps/test-kitchen/lib/kitchen/instance.rb:273:in `public_send'
E, [2015-05-08T18:58:09.179513 #21739] ERROR -- Kitchen: /opt/chefdk/embedded/apps/test-kitchen/lib/kitchen/instance.rb:273:in `block in perform_action'
E, [2015-05-08T18:58:09.179531 #21739] ERROR -- Kitchen: /opt/chefdk/embedded/apps/test-kitchen/lib/kitchen/instance.rb:308:in `call'
E, [2015-05-08T18:58:09.179548 #21739] ERROR -- Kitchen: /opt/chefdk/embedded/apps/test-kitchen/lib/kitchen/instance.rb:308:in `synchronize_or_call'
E, [2015-05-08T18:58:09.179566 #21739] ERROR -- Kitchen: /opt/chefdk/embedded/apps/test-kitchen/lib/kitchen/instance.rb:283:in `block in action'
E, [2015-05-08T18:58:09.179584 #21739] ERROR -- Kitchen: /opt/chefdk/embedded/lib/ruby/2.1.0/benchmark.rb:279:in `measure'
E, [2015-05-08T18:58:09.179602 #21739] ERROR -- Kitchen: /opt/chefdk/embedded/apps/test-kitchen/lib/kitchen/instance.rb:282:in `action'
E, [2015-05-08T18:58:09.179619 #21739] ERROR -- Kitchen: /opt/chefdk/embedded/apps/test-kitchen/lib/kitchen/instance.rb:273:in `perform_action'
E, [2015-05-08T18:58:09.179637 #21739] ERROR -- Kitchen: /opt/chefdk/embedded/apps/test-kitchen/lib/kitchen/instance.rb:256:in `converge_action'
E, [2015-05-08T18:58:09.179655 #21739] ERROR -- Kitchen: /opt/chefdk/embedded/apps/test-kitchen/lib/kitchen/instance.rb:246:in `block in transition_to'
E, [2015-05-08T18:58:09.179673 #21739] ERROR -- Kitchen: /opt/chefdk/embedded/apps/test-kitchen/lib/kitchen/instance.rb:245:in `each'
E, [2015-05-08T18:58:09.179690 #21739] ERROR -- Kitchen: /opt/chefdk/embedded/apps/test-kitchen/lib/kitchen/instance.rb:245:in `transition_to'
E, [2015-05-08T18:58:09.179708 #21739] ERROR -- Kitchen: /opt/chefdk/embedded/apps/test-kitchen/lib/kitchen/instance.rb:141:in `verify'
E, [2015-05-08T18:58:09.179726 #21739] ERROR -- Kitchen: /opt/chefdk/embedded/apps/test-kitchen/lib/kitchen/command.rb:109:in `public_send'
E, [2015-05-08T18:58:09.179743 #21739] ERROR -- Kitchen: /opt/chefdk/embedded/apps/test-kitchen/lib/kitchen/command.rb:109:in `block (2 levels) in run_action'
E, [2015-05-08T18:58:09.179761 #21739] ERROR -- Kitchen: ----------------------
I, [2015-05-08T19:00:25.748138 #21784]  INFO -- Kitchen: -----> Starting Kitchen (v1.2.1)
I, [2015-05-08T19:00:27.480670 #21784]  INFO -- Kitchen: -----> Converging <nad-o-matic-smartos-base64-1430>...
E, [2015-05-08T19:00:48.905431 #21784] ERROR -- Kitchen: Converge failed on instance <nad-o-matic-smartos-base64-1430>.
I, [2015-05-08T19:01:32.439971 #21805]  INFO -- Kitchen: -----> Starting Kitchen (v1.2.1)
I, [2015-05-08T19:01:34.166409 #21805]  INFO -- Kitchen: -----> Destroying <nad-o-matic-smartos-base64-1430>...
I, [2015-05-08T19:01:38.388234 #21805]  INFO -- Kitchen: -----> Destroying <nad-o-matic-ubuntu-certified-1404-201502252>...
I, [2015-05-08T19:01:38.389502 #21805]  INFO -- Kitchen: -----> Kitchen is finished. (0m5.95s)
I, [2015-05-11T11:25:10.582325 #40348]  INFO -- Kitchen: -----> Starting Kitchen (v1.2.1)
I, [2015-05-11T11:25:12.296590 #40348]  INFO -- Kitchen: -----> Cleaning up any prior instances of <nad-o-matic-smartos-base64-1430>
I, [2015-05-11T11:25:12.301667 #40348]  INFO -- Kitchen: -----> Destroying <nad-o-matic-smartos-base64-1430>...
I, [2015-05-11T11:25:12.305350 #40348]  INFO -- Kitchen: -----> Testing <nad-o-matic-smartos-base64-1430>
I, [2015-05-11T11:25:12.305826 #40348]  INFO -- Kitchen: -----> Creating <nad-o-matic-smartos-base64-1430>...
I, [2015-05-11T11:26:23.947677 #40348]  INFO -- Kitchen: -----> Converging <nad-o-matic-smartos-base64-1430>...
E, [2015-05-11T11:30:38.471815 #40348] ERROR -- Kitchen: Converge failed on instance <nad-o-matic-smartos-base64-1430>.
I, [2015-05-11T11:41:29.208376 #40492]  INFO -- Kitchen: -----> Starting Kitchen (v1.2.1)
I, [2015-05-11T11:41:31.998621 #40492]  INFO -- Kitchen: -----> Destroying <nad-o-matic-smartos-base64-1430>...
I, [2015-05-11T11:41:36.179866 #40492]  INFO -- Kitchen: -----> Destroying <nad-o-matic-ubuntu-certified-1404-201502252>...
I, [2015-05-11T11:41:36.184412 #40492]  INFO -- Kitchen: -----> Kitchen is finished. (0m6.97s)
I, [2015-05-11T12:01:40.779300 #40707]  INFO -- Kitchen: -----> Starting Kitchen (v1.2.1)
I, [2015-05-11T12:01:42.522311 #40707]  INFO -- Kitchen: -----> Cleaning up any prior instances of <nad-o-matic-smartos-base64-1430>
I, [2015-05-11T12:01:42.523189 #40707]  INFO -- Kitchen: -----> Destroying <nad-o-matic-smartos-base64-1430>...
I, [2015-05-11T12:01:42.525872 #40707]  INFO -- Kitchen: -----> Testing <nad-o-matic-smartos-base64-1430>
I, [2015-05-11T12:01:42.526069 #40707]  INFO -- Kitchen: -----> Creating <nad-o-matic-smartos-base64-1430>...
I, [2015-05-11T12:02:54.701318 #40707]  INFO -- Kitchen: -----> Converging <nad-o-matic-smartos-base64-1430>...
E, [2015-05-11T12:07:11.114000 #40707] ERROR -- Kitchen: Converge failed on instance <nad-o-matic-smartos-base64-1430>.
I, [2015-05-11T13:22:40.210212 #41106]  INFO -- Kitchen: -----> Starting Kitchen (v1.2.1)
I, [2015-05-11T13:22:41.879070 #41106]  INFO -- Kitchen: -----> Converging <nad-o-matic-smartos-base64-1430>...
E, [2015-05-11T13:22:59.237214 #41106] ERROR -- Kitchen: Converge failed on instance <nad-o-matic-smartos-base64-1430>.
I, [2015-05-11T13:59:39.852985 #41389]  INFO -- Kitchen: -----> Starting Kitchen (v1.2.1)
I, [2015-05-11T13:59:41.629945 #41389]  INFO -- Kitchen: -----> Converging <nad-o-matic-smartos-base64-1430>...
E, [2015-05-11T13:59:59.647108 #41389] ERROR -- Kitchen: Converge failed on instance <nad-o-matic-smartos-base64-1430>.
I, [2015-05-11T14:00:41.873558 #41407]  INFO -- Kitchen: -----> Starting Kitchen (v1.2.1)
I, [2015-05-11T14:00:43.813155 #41407]  INFO -- Kitchen: -----> Converging <nad-o-matic-smartos-base64-1430>...
E, [2015-05-11T14:01:00.826045 #41407] ERROR -- Kitchen: Converge failed on instance <nad-o-matic-smartos-base64-1430>.
I, [2015-05-11T14:02:35.916593 #41444]  INFO -- Kitchen: -----> Starting Kitchen (v1.2.1)
I, [2015-05-11T14:02:38.395000 #41444]  INFO -- Kitchen: -----> Converging <nad-o-matic-smartos-base64-1430>...
I, [2015-05-11T14:03:10.901275 #41444]  INFO -- Kitchen: -----> Setting up <nad-o-matic-smartos-base64-1430>...
I, [2015-05-11T14:03:10.902567 #41444]  INFO -- Kitchen: -----> Verifying <nad-o-matic-smartos-base64-1430>...
I, [2015-05-11T14:03:10.903581 #41444]  INFO -- Kitchen: -----> Creating <nad-o-matic-ubuntu-certified-1404-201502252>...
I, [2015-05-11T14:03:49.873282 #41444]  INFO -- Kitchen: -----> Converging <nad-o-matic-ubuntu-certified-1404-201502252>...
I, [2015-05-11T14:04:30.768595 #41444]  INFO -- Kitchen: -----> Setting up <nad-o-matic-ubuntu-certified-1404-201502252>...
I, [2015-05-11T14:04:30.777235 #41444]  INFO -- Kitchen: -----> Verifying <nad-o-matic-ubuntu-certified-1404-201502252>...
I, [2015-05-11T14:04:30.778923 #41444]  INFO -- Kitchen: -----> Kitchen is finished. (1m54.86s)
