I, [2015-05-08T18:48:55.504019 #21689]  INFO -- nad-o-matic-ubuntu-certified-1404-201502252: -----> Destroying <nad-o-matic-ubuntu-certified-1404-201502252>...
I, [2015-05-08T18:48:55.504972 #21689]  INFO -- nad-o-matic-ubuntu-certified-1404-201502252: Finished destroying <nad-o-matic-ubuntu-certified-1404-201502252> (0m0.00s).
I, [2015-05-08T19:01:38.388318 #21805]  INFO -- nad-o-matic-ubuntu-certified-1404-201502252: -----> Destroying <nad-o-matic-ubuntu-certified-1404-201502252>...
I, [2015-05-08T19:01:38.389081 #21805]  INFO -- nad-o-matic-ubuntu-certified-1404-201502252: Finished destroying <nad-o-matic-ubuntu-certified-1404-201502252> (0m0.00s).
I, [2015-05-11T11:41:36.179921 #40492]  INFO -- nad-o-matic-ubuntu-certified-1404-201502252: -----> Destroying <nad-o-matic-ubuntu-certified-1404-201502252>...
I, [2015-05-11T11:41:36.182873 #40492]  INFO -- nad-o-matic-ubuntu-certified-1404-201502252: Finished destroying <nad-o-matic-ubuntu-certified-1404-201502252> (0m0.00s).
I, [2015-05-11T14:03:10.903634 #41444]  INFO -- nad-o-matic-ubuntu-certified-1404-201502252: -----> Creating <nad-o-matic-ubuntu-certified-1404-201502252>...
I, [2015-05-11T14:03:14.555612 #41444]  INFO -- nad-o-matic-ubuntu-certified-1404-201502252: Joyent <e8dfa909-97fd-e7e4-9fb9-ee4a66dbab47> created.
I, [2015-05-11T14:03:37.928740 #41444]  INFO -- nad-o-matic-ubuntu-certified-1404-201502252: (server ready)
I, [2015-05-11T14:03:45.712603 #41444]  INFO -- nad-o-matic-ubuntu-certified-1404-201502252: Waiting for 37.153.96.138:22...
I, [2015-05-11T14:03:47.752123 #41444]  INFO -- nad-o-matic-ubuntu-certified-1404-201502252: Waiting for 37.153.96.138:22...
I, [2015-05-11T14:03:49.784911 #41444]  INFO -- nad-o-matic-ubuntu-certified-1404-201502252: Waiting for 37.153.96.138:22...
I, [2015-05-11T14:03:49.872056 #41444]  INFO -- nad-o-matic-ubuntu-certified-1404-201502252: (ssh ready)

I, [2015-05-11T14:03:49.873183 #41444]  INFO -- nad-o-matic-ubuntu-certified-1404-201502252: Finished creating <nad-o-matic-ubuntu-certified-1404-201502252> (0m38.97s).
I, [2015-05-11T14:03:49.873328 #41444]  INFO -- nad-o-matic-ubuntu-certified-1404-201502252: -----> Converging <nad-o-matic-ubuntu-certified-1404-201502252>...
I, [2015-05-11T14:03:49.881780 #41444]  INFO -- nad-o-matic-ubuntu-certified-1404-201502252: Preparing files for transfer
I, [2015-05-11T14:03:49.882297 #41444]  INFO -- nad-o-matic-ubuntu-certified-1404-201502252: Resolving cookbook dependencies with Berkshelf 3.2.1...
I, [2015-05-11T14:03:49.995361 #41444]  INFO -- nad-o-matic-ubuntu-certified-1404-201502252: Removing non-cookbook files before transfer
I, [2015-05-11T14:03:51.494620 #41444]  INFO -- nad-o-matic-ubuntu-certified-1404-201502252: -----> Installing Chef Omnibus (11.16.4)
I, [2015-05-11T14:03:51.494702 #41444]  INFO -- nad-o-matic-ubuntu-certified-1404-201502252: downloading https://www.getchef.com/chef/install.sh
I, [2015-05-11T14:03:51.494941 #41444]  INFO -- nad-o-matic-ubuntu-certified-1404-201502252:   to file /tmp/install.sh
I, [2015-05-11T14:03:51.495326 #41444]  INFO -- nad-o-matic-ubuntu-certified-1404-201502252: trying wget...
I, [2015-05-11T14:03:51.714827 #41444]  INFO -- nad-o-matic-ubuntu-certified-1404-201502252: Downloading Chef 11.16.4 for ubuntu...
I, [2015-05-11T14:03:51.714913 #41444]  INFO -- nad-o-matic-ubuntu-certified-1404-201502252: downloading https://www.chef.io/chef/metadata?v=11.16.4&prerelease=false&nightlies=false&p=ubuntu&pv=14.04&m=x86_64
I, [2015-05-11T14:03:51.714945 #41444]  INFO -- nad-o-matic-ubuntu-certified-1404-201502252:   to file /tmp/install.sh.1293/metadata.txt
I, [2015-05-11T14:03:51.714966 #41444]  INFO -- nad-o-matic-ubuntu-certified-1404-201502252: trying wget...
url	https://opscode-omnibus-packages.s3.amazonaws.com/ubuntu/13.04/x86_64/chef_11.16.4-1_amd64.debI, [2015-05-11T14:03:51.829091 #41444]  INFO -- nad-o-matic-ubuntu-certified-1404-201502252: 
md5	a9965ce5811ddd75af1b587e40cca934I, [2015-05-11T14:03:51.829946 #41444]  INFO -- nad-o-matic-ubuntu-certified-1404-201502252: 
sha256	0b98b310afc2c0b066648e550e7b59a5e39faf60dc4fd9b4792035d0553c27c3I, [2015-05-11T14:03:51.863371 #41444]  INFO -- nad-o-matic-ubuntu-certified-1404-201502252: 
downloaded metadata file looks valid...I, [2015-05-11T14:03:51.863669 #41444]  INFO -- nad-o-matic-ubuntu-certified-1404-201502252: 
downloading https://opscode-omnibus-packages.s3.amazonaws.com/ubuntu/13.04/x86_64/chef_11.16.4-1_amd64.debI, [2015-05-11T14:03:51.871170 #41444]  INFO -- nad-o-matic-ubuntu-certified-1404-201502252: 
  to file /tmp/install.sh.1293/chef_11.16.4-1_amd64.debI, [2015-05-11T14:03:51.871464 #41444]  INFO -- nad-o-matic-ubuntu-certified-1404-201502252: 
trying wget...I, [2015-05-11T14:03:51.871688 #41444]  INFO -- nad-o-matic-ubuntu-certified-1404-201502252: 
I, [2015-05-11T14:03:55.198298 #41444]  INFO -- nad-o-matic-ubuntu-certified-1404-201502252: Comparing checksum with sha256sum...
I, [2015-05-11T14:03:55.827952 #41444]  INFO -- nad-o-matic-ubuntu-certified-1404-201502252: Installing Chef 11.16.4
I, [2015-05-11T14:03:55.828031 #41444]  INFO -- nad-o-matic-ubuntu-certified-1404-201502252: installing with dpkg...
I, [2015-05-11T14:03:56.312375 #41444]  INFO -- nad-o-matic-ubuntu-certified-1404-201502252: Selecting previously unselected package chef.
I, [2015-05-11T14:03:56.312456 #41444]  INFO -- nad-o-matic-ubuntu-certified-1404-201502252: (Reading database ... 
(Reading database ... 5%(Reading database ... 10%(Reading database ... 15%(Reading database ... 20%(Reading database ... 25%(Reading database ... 30%(Reading database ... 35%(Reading database ... 40%(Reading database ... 45%(Reading database ... 50%(Reading database ... 55%(Reading database ... 60%(Reading database ... 65%(Reading database ... 70%(Reading database ... 75%(Reading database ... 80%(Reading database ... 85%(Reading database ... 90%(Reading database ... 95%I, [2015-05-11T14:03:56.662827 #41444]  INFO -- nad-o-matic-ubuntu-certified-1404-201502252: (Reading database ... 100%(Reading database ... 51127 files and directories currently installed.)
I, [2015-05-11T14:03:56.669656 #41444]  INFO -- nad-o-matic-ubuntu-certified-1404-201502252: Preparing to unpack .../chef_11.16.4-1_amd64.deb ...
I, [2015-05-11T14:03:56.686921 #41444]  INFO -- nad-o-matic-ubuntu-certified-1404-201502252: Unpacking chef (11.16.4-1) ...
I, [2015-05-11T14:04:02.598217 #41444]  INFO -- nad-o-matic-ubuntu-certified-1404-201502252: Setting up chef (11.16.4-1) ...
I, [2015-05-11T14:04:02.733056 #41444]  INFO -- nad-o-matic-ubuntu-certified-1404-201502252: Thank you for installing Chef!
I, [2015-05-11T14:04:02.909065 #41444]  INFO -- nad-o-matic-ubuntu-certified-1404-201502252: Transfering files to <nad-o-matic-ubuntu-certified-1404-201502252>
[2015-05-11T12:04:14+00:00] INFO: Starting chef-zero on host localhost, port 8889 with repository at repository at /tmp/kitchenI, [2015-05-11T14:04:14.084401 #41444]  INFO -- nad-o-matic-ubuntu-certified-1404-201502252: 
  One version per cookbookI, [2015-05-11T14:04:14.084679 #41444]  INFO -- nad-o-matic-ubuntu-certified-1404-201502252: 
I, [2015-05-11T14:04:14.084830 #41444]  INFO -- nad-o-matic-ubuntu-certified-1404-201502252: 
[2015-05-11T12:04:14+00:00] INFO: Forking chef instance to converge...I, [2015-05-11T14:04:14.118855 #41444]  INFO -- nad-o-matic-ubuntu-certified-1404-201502252: 
Starting Chef Client, version 11.16.4[0mI, [2015-05-11T14:04:14.164450 #41444]  INFO -- nad-o-matic-ubuntu-certified-1404-201502252: 
[2015-05-11T12:04:14+00:00] INFO: *** Chef 11.16.4 ***I, [2015-05-11T14:04:14.164713 #41444]  INFO -- nad-o-matic-ubuntu-certified-1404-201502252: 
[2015-05-11T12:04:14+00:00] INFO: Chef-client pid: 1481I, [2015-05-11T14:04:14.164911 #41444]  INFO -- nad-o-matic-ubuntu-certified-1404-201502252: 
I, [2015-05-11T14:04:15.142389 #41444]  INFO -- nad-o-matic-ubuntu-certified-1404-201502252: Creating a new client identity for nad-o-matic-ubuntu-certified-1404-201502252 using the validator key.[0m
I, [2015-05-11T14:04:15.142587 #41444]  INFO -- nad-o-matic-ubuntu-certified-1404-201502252: [2015-05-11T12:04:15+00:00] INFO: Client key /tmp/kitchen/client.pem is not present - registering
[2015-05-11T12:04:15+00:00] INFO: HTTP Request Returned 404 Not Found : Object not found: http://localhost:8889/nodes/nad-o-matic-ubuntu-certified-1404-201502252I, [2015-05-11T14:04:15.445734 #41444]  INFO -- nad-o-matic-ubuntu-certified-1404-201502252: 
[2015-05-11T12:04:15+00:00] INFO: Setting the run_list to ["recipe[nad-o-matic]"] from CLI optionsI, [2015-05-11T14:04:15.459859 #41444]  INFO -- nad-o-matic-ubuntu-certified-1404-201502252: 
[2015-05-11T12:04:15+00:00] INFO: Run List is [recipe[nad-o-matic]]I, [2015-05-11T14:04:15.466815 #41444]  INFO -- nad-o-matic-ubuntu-certified-1404-201502252: 
[2015-05-11T12:04:15+00:00] INFO: Run List expands to [nad-o-matic]I, [2015-05-11T14:04:15.468224 #41444]  INFO -- nad-o-matic-ubuntu-certified-1404-201502252: 
[2015-05-11T12:04:15+00:00] INFO: Starting Chef Run for nad-o-matic-ubuntu-certified-1404-201502252I, [2015-05-11T14:04:15.476088 #41444]  INFO -- nad-o-matic-ubuntu-certified-1404-201502252: 
[2015-05-11T12:04:15+00:00] INFO: Running start handlersI, [2015-05-11T14:04:15.476525 #41444]  INFO -- nad-o-matic-ubuntu-certified-1404-201502252: 
[2015-05-11T12:04:15+00:00] INFO: Start handlers complete.I, [2015-05-11T14:04:15.476927 #41444]  INFO -- nad-o-matic-ubuntu-certified-1404-201502252: 
[2015-05-11T12:04:15+00:00] INFO: HTTP Request Returned 404 Not Found : Object not found: /reports/nodes/nad-o-matic-ubuntu-certified-1404-201502252/runsI, [2015-05-11T14:04:15.480369 #41444]  INFO -- nad-o-matic-ubuntu-certified-1404-201502252: 
resolving cookbooks for run list: ["nad-o-matic"][0mI, [2015-05-11T14:04:15.496061 #41444]  INFO -- nad-o-matic-ubuntu-certified-1404-201502252: 
[2015-05-11T12:04:15+00:00] INFO: Loading cookbooks [nad-o-matic@0.5.1, nad@0.0.6, smf@2.2.6, rbac@1.0.3]I, [2015-05-11T14:04:15.856768 #41444]  INFO -- nad-o-matic-ubuntu-certified-1404-201502252: 
Synchronizing Cookbooks:[0mI, [2015-05-11T14:04:15.860656 #41444]  INFO -- nad-o-matic-ubuntu-certified-1404-201502252: 
[2015-05-11T12:04:16+00:00] INFO: Storing updated cookbooks/nad-o-matic/recipes/default.rb in the cache.I, [2015-05-11T14:04:16.081087 #41444]  INFO -- nad-o-matic-ubuntu-certified-1404-201502252: 
[2015-05-11T12:04:16+00:00] INFO: Storing updated cookbooks/nad-o-matic/metadata.json in the cache.I, [2015-05-11T14:04:16.182130 #41444]  INFO -- nad-o-matic-ubuntu-certified-1404-201502252: 
[2015-05-11T12:04:16+00:00] INFO: Storing updated cookbooks/nad-o-matic/attributes/default.rb in the cache.I, [2015-05-11T14:04:16.183199 #41444]  INFO -- nad-o-matic-ubuntu-certified-1404-201502252: 
[2015-05-11T12:04:16+00:00] INFO: Storing updated cookbooks/nad/recipes/configure.rb in the cache.I, [2015-05-11T14:04:16.183615 #41444]  INFO -- nad-o-matic-ubuntu-certified-1404-201502252: 
[2015-05-11T12:04:16+00:00] INFO: Storing updated cookbooks/nad/recipes/smartos.rb in the cache.I, [2015-05-11T14:04:16.187045 #41444]  INFO -- nad-o-matic-ubuntu-certified-1404-201502252: 
[2015-05-11T12:04:16+00:00] INFO: Storing updated cookbooks/nad/resources/script.rb in the cache.I, [2015-05-11T14:04:16.214902 #41444]  INFO -- nad-o-matic-ubuntu-certified-1404-201502252: 
I, [2015-05-11T14:04:16.222900 #41444]  INFO -- nad-o-matic-ubuntu-certified-1404-201502252: [2015-05-11T12:04:16+00:00] INFO: Storing updated cookbooks/nad/recipes/install.rb in the cache.
[2015-05-11T12:04:16+00:00] INFO: Storing updated cookbooks/nad/providers/script.rb in the cache.I, [2015-05-11T14:04:16.224080 #41444]  INFO -- nad-o-matic-ubuntu-certified-1404-201502252: 
I, [2015-05-11T14:04:16.224228 #41444]  INFO -- nad-o-matic-ubuntu-certified-1404-201502252: [2015-05-11T12:04:16+00:00] INFO: Storing updated cookbooks/nad-o-matic/README.md in the cache.
I, [2015-05-11T14:04:16.230953 #41444]  INFO -- nad-o-matic-ubuntu-certified-1404-201502252: [2015-05-11T12:04:16+00:00] INFO: Storing updated cookbooks/nad/attributes/default.rb in the cache.
  - nad-o-matic[0m[2015-05-11T12:04:16+00:00] INFO: Storing updated cookbooks/nad/recipes/default.rb in the cache.I, [2015-05-11T14:04:16.246972 #41444]  INFO -- nad-o-matic-ubuntu-certified-1404-201502252: 
I, [2015-05-11T14:04:16.247224 #41444]  INFO -- nad-o-matic-ubuntu-certified-1404-201502252: 
[2015-05-11T12:04:16+00:00] INFO: Storing updated cookbooks/nad/metadata.json in the cache.I, [2015-05-11T14:04:16.280511 #41444]  INFO -- nad-o-matic-ubuntu-certified-1404-201502252: 
I, [2015-05-11T14:04:16.296569 #41444]  INFO -- nad-o-matic-ubuntu-certified-1404-201502252: [2015-05-11T12:04:16+00:00] INFO: Storing updated cookbooks/nad/README.md in the cache.
  I, [2015-05-11T14:04:16.297081 #41444]  INFO -- nad-o-matic-ubuntu-certified-1404-201502252: - nad[0m
I, [2015-05-11T14:04:16.324444 #41444]  INFO -- nad-o-matic-ubuntu-certified-1404-201502252: [2015-05-11T12:04:16+00:00] INFO: Storing updated cookbooks/smf/libraries/matchers.rb in the cache.
[2015-05-11T12:04:16+00:00] INFO: Storing updated cookbooks/smf/providers/default.rb in the cache.I, [2015-05-11T14:04:16.339031 #41444]  INFO -- nad-o-matic-ubuntu-certified-1404-201502252: 
[2015-05-11T12:04:16+00:00] INFO: Storing updated cookbooks/smf/libraries/rbac_helper.rb in the cache.I, [2015-05-11T14:04:16.339418 #41444]  INFO -- nad-o-matic-ubuntu-certified-1404-201502252: 
I, [2015-05-11T14:04:16.426730 #41444]  INFO -- nad-o-matic-ubuntu-certified-1404-201502252: [2015-05-11T12:04:16+00:00] INFO: Storing updated cookbooks/smf/libraries/helper.rb in the cache.
[2015-05-11T12:04:16+00:00] INFO: Storing updated cookbooks/smf/resources/default.rb in the cache.I, [2015-05-11T14:04:16.444004 #41444]  INFO -- nad-o-matic-ubuntu-certified-1404-201502252: 
[2015-05-11T12:04:16+00:00] INFO: Storing updated cookbooks/smf/libraries/xml_builder.rb in the cache.I, [2015-05-11T14:04:16.457590 #41444]  INFO -- nad-o-matic-ubuntu-certified-1404-201502252: 
I, [2015-05-11T14:04:16.457896 #41444]  INFO -- nad-o-matic-ubuntu-certified-1404-201502252: [2015-05-11T12:04:16+00:00] INFO: Storing updated cookbooks/rbac/resources/user.rb in the cache.
[2015-05-11T12:04:16+00:00] INFO: Storing updated cookbooks/smf/metadata.json in the cache.I, [2015-05-11T14:04:16.458851 #41444]  INFO -- nad-o-matic-ubuntu-certified-1404-201502252: 
[2015-05-11T12:04:16+00:00] INFO: Storing updated cookbooks/smf/recipes/SMFServicesOK.rb in the cache.I, [2015-05-11T14:04:16.468412 #41444]  INFO -- nad-o-matic-ubuntu-certified-1404-201502252: 
[2015-05-11T12:04:16+00:00] INFO: Storing updated cookbooks/smf/recipes/default.rb in the cache.I, [2015-05-11T14:04:16.489307 #41444]  INFO -- nad-o-matic-ubuntu-certified-1404-201502252: 
[2015-05-11T12:04:16+00:00] INFO: Storing updated cookbooks/rbac/resources/auth.rb in the cache.I, [2015-05-11T14:04:16.533268 #41444]  INFO -- nad-o-matic-ubuntu-certified-1404-201502252: 
I, [2015-05-11T14:04:16.544927 #41444]  INFO -- nad-o-matic-ubuntu-certified-1404-201502252: [2015-05-11T12:04:16+00:00] INFO: Storing updated cookbooks/smf/README.md in the cache.
[2015-05-11T12:04:16+00:00] INFO: Storing updated cookbooks/rbac/resources/default.rb in the cache.I, [2015-05-11T14:04:16.545415 #41444]  INFO -- nad-o-matic-ubuntu-certified-1404-201502252: 
  I, [2015-05-11T14:04:16.545840 #41444]  INFO -- nad-o-matic-ubuntu-certified-1404-201502252: - smf[0m
[2015-05-11T12:04:16+00:00] INFO: Storing updated cookbooks/rbac/providers/user.rb in the cache.I, [2015-05-11T14:04:16.547564 #41444]  INFO -- nad-o-matic-ubuntu-certified-1404-201502252: 
[2015-05-11T12:04:16+00:00] INFO: Storing updated cookbooks/rbac/providers/auth.rb in the cache.I, [2015-05-11T14:04:16.578778 #41444]  INFO -- nad-o-matic-ubuntu-certified-1404-201502252: 
I, [2015-05-11T14:04:16.581487 #41444]  INFO -- nad-o-matic-ubuntu-certified-1404-201502252: [2015-05-11T12:04:16+00:00] INFO: Storing updated cookbooks/rbac/providers/default.rb in the cache.
[2015-05-11T12:04:16+00:00] INFO: Storing updated cookbooks/rbac/libraries/rbac.rb in the cache.I, [2015-05-11T14:04:16.675320 #41444]  INFO -- nad-o-matic-ubuntu-certified-1404-201502252: 
[2015-05-11T12:04:16+00:00] INFO: Storing updated cookbooks/rbac/metadata.json in the cache.I, [2015-05-11T14:04:16.675827 #41444]  INFO -- nad-o-matic-ubuntu-certified-1404-201502252: 
[2015-05-11T12:04:16+00:00] INFO: Storing updated cookbooks/rbac/README.md in the cache.I, [2015-05-11T14:04:16.676335 #41444]  INFO -- nad-o-matic-ubuntu-certified-1404-201502252: 
[2015-05-11T12:04:16+00:00] INFO: Storing updated cookbooks/rbac/recipes/default.rb in the cache.I, [2015-05-11T14:04:16.678578 #41444]  INFO -- nad-o-matic-ubuntu-certified-1404-201502252: 
  - rbac[0mI, [2015-05-11T14:04:16.679891 #41444]  INFO -- nad-o-matic-ubuntu-certified-1404-201502252: 
Compiling Cookbooks...[0mI, [2015-05-11T14:04:16.681302 #41444]  INFO -- nad-o-matic-ubuntu-certified-1404-201502252: 
Converging 8 resources[0mI, [2015-05-11T14:04:17.500464 #41444]  INFO -- nad-o-matic-ubuntu-certified-1404-201502252: 
Recipe: nad::install[0mI, [2015-05-11T14:04:17.501808 #41444]  INFO -- nad-o-matic-ubuntu-certified-1404-201502252: 
  * remote_file[/tmp/nad-omnibus-20150422T174727Z-1.ubuntu.14.04_amd64.deb] action create[2015-05-11T12:04:17+00:00] INFO: Processing remote_file[/tmp/nad-omnibus-20150422T174727Z-1.ubuntu.14.04_amd64.deb] action create (nad::install line 68)I, [2015-05-11T14:04:17.502478 #41444]  INFO -- nad-o-matic-ubuntu-certified-1404-201502252: 
[2015-05-11T12:04:17+00:00] INFO: remote_file[/tmp/nad-omnibus-20150422T174727Z-1.ubuntu.14.04_amd64.deb] created file /tmp/nad-omnibus-20150422T174727Z-1.ubuntu.14.04_amd64.debI, [2015-05-11T14:04:17.504500 #41444]  INFO -- nad-o-matic-ubuntu-certified-1404-201502252: 
I, [2015-05-11T14:04:17.530629 #41444]  INFO -- nad-o-matic-ubuntu-certified-1404-201502252: 
    [32m- create new file /tmp/nad-omnibus-20150422T174727Z-1.ubuntu.14.04_amd64.deb[0m[2015-05-11T12:04:23+00:00] INFO: remote_file[/tmp/nad-omnibus-20150422T174727Z-1.ubuntu.14.04_amd64.deb] updated file contents /tmp/nad-omnibus-20150422T174727Z-1.ubuntu.14.04_amd64.debI, [2015-05-11T14:04:23.521474 #41444]  INFO -- nad-o-matic-ubuntu-certified-1404-201502252: 
I, [2015-05-11T14:04:23.586889 #41444]  INFO -- nad-o-matic-ubuntu-certified-1404-201502252: 
    [32m- update content in file /tmp/nad-omnibus-20150422T174727Z-1.ubuntu.14.04_amd64.deb from none to 5de14a[0mI, [2015-05-11T14:04:23.588811 #41444]  INFO -- nad-o-matic-ubuntu-certified-1404-201502252: 
    [37m(new content is binary, diff output suppressed)[0m[2015-05-11T12:04:23+00:00] INFO: remote_file[/tmp/nad-omnibus-20150422T174727Z-1.ubuntu.14.04_amd64.deb] mode changed to 644I, [2015-05-11T14:04:23.589699 #41444]  INFO -- nad-o-matic-ubuntu-certified-1404-201502252: 
I, [2015-05-11T14:04:23.589949 #41444]  INFO -- nad-o-matic-ubuntu-certified-1404-201502252: 
    [32m- change mode from '' to '0644'[0mI, [2015-05-11T14:04:23.618670 #41444]  INFO -- nad-o-matic-ubuntu-certified-1404-201502252: 
[0m  * bash[install nad] action run[2015-05-11T12:04:23+00:00] INFO: Processing bash[install nad] action run (nad::install line 82)I, [2015-05-11T14:04:23.619591 #41444]  INFO -- nad-o-matic-ubuntu-certified-1404-201502252: 
I, [2015-05-11T14:04:25.639123 #41444]  INFO -- nad-o-matic-ubuntu-certified-1404-201502252: [2015-05-11T12:04:25+00:00] INFO: bash[install nad] ran successfully
I, [2015-05-11T14:04:25.639213 #41444]  INFO -- nad-o-matic-ubuntu-certified-1404-201502252: 
I, [2015-05-11T14:04:25.639243 #41444]  INFO -- nad-o-matic-ubuntu-certified-1404-201502252:     [32m- execute "bash"  "/tmp/chef-script20150511-1481-13p3hg1"[0m
I, [2015-05-11T14:04:25.639269 #41444]  INFO -- nad-o-matic-ubuntu-certified-1404-201502252: [0m  * service[nad (starter)] action enable[2015-05-11T12:04:25+00:00] INFO: Processing service[nad (starter)] action enable (nad::install line 87)
 (up to date)I, [2015-05-11T14:04:25.696200 #41444]  INFO -- nad-o-matic-ubuntu-certified-1404-201502252: 
  * service[nad (starter)] action start[2015-05-11T12:04:25+00:00] INFO: Processing service[nad (starter)] action start (nad::install line 87)I, [2015-05-11T14:04:25.698111 #41444]  INFO -- nad-o-matic-ubuntu-certified-1404-201502252: 
[2015-05-11T12:04:25+00:00] INFO: service[nad (starter)] startedI, [2015-05-11T14:04:25.757309 #41444]  INFO -- nad-o-matic-ubuntu-certified-1404-201502252: 
I, [2015-05-11T14:04:25.757513 #41444]  INFO -- nad-o-matic-ubuntu-certified-1404-201502252: 
    [32m- start service service[nad (starter)][0mI, [2015-05-11T14:04:25.757992 #41444]  INFO -- nad-o-matic-ubuntu-certified-1404-201502252: 
[0mRecipe: nad::configure[0mI, [2015-05-11T14:04:25.758544 #41444]  INFO -- nad-o-matic-ubuntu-certified-1404-201502252: 
  * template[/etc/default/nad] action create[2015-05-11T12:04:25+00:00] INFO: Processing template[/etc/default/nad] action create (nad::configure line 11)I, [2015-05-11T14:04:25.790635 #41444]  INFO -- nad-o-matic-ubuntu-certified-1404-201502252: 
I, [2015-05-11T14:04:25.790951 #41444]  INFO -- nad-o-matic-ubuntu-certified-1404-201502252: [2015-05-11T12:04:25+00:00] INFO: template[/etc/default/nad] backed up to /tmp/kitchen/backup/etc/default/nad.chef-20150511120425.772245
I, [2015-05-11T14:04:25.791140 #41444]  INFO -- nad-o-matic-ubuntu-certified-1404-201502252: [2015-05-11T12:04:25+00:00] INFO: template[/etc/default/nad] updated file contents /etc/default/nad
I, [2015-05-11T14:04:25.791316 #41444]  INFO -- nad-o-matic-ubuntu-certified-1404-201502252: 
    [32m- update content in file /etc/default/nad from 4900b2 to 681720[0mI, [2015-05-11T14:04:25.791999 #41444]  INFO -- nad-o-matic-ubuntu-certified-1404-201502252: 
    [37m--- /etc/default/nad	2015-04-22 18:34:17.000000000 +0000[0mI, [2015-05-11T14:04:25.792562 #41444]  INFO -- nad-o-matic-ubuntu-certified-1404-201502252: 
I, [2015-05-11T14:04:25.792660 #41444]  INFO -- nad-o-matic-ubuntu-certified-1404-201502252:     
[37m+++ /tmp/chef-rendered-template20150511-1481-17qskep	2015-05-11 12:04:25.767782139 +0000[0mI, [2015-05-11T14:04:25.793043 #41444]  INFO -- nad-o-matic-ubuntu-certified-1404-201502252: 
I, [2015-05-11T14:04:25.793096 #41444]  INFO -- nad-o-matic-ubuntu-certified-1404-201502252:     
[37m@@ -1,2 +1,6 @@[0mI, [2015-05-11T14:04:25.793606 #41444]  INFO -- nad-o-matic-ubuntu-certified-1404-201502252: 
I, [2015-05-11T14:04:25.793688 #41444]  INFO -- nad-o-matic-ubuntu-certified-1404-201502252:     
[37m-NAD_OPTS="-c /opt/circonus/etc/node-agent.d"[0mI, [2015-05-11T14:04:25.793995 #41444]  INFO -- nad-o-matic-ubuntu-certified-1404-201502252: 
    [37m+# Managed by Chef - local changes will be lost![0mI, [2015-05-11T14:04:25.794324 #41444]  INFO -- nad-o-matic-ubuntu-certified-1404-201502252: 
I, [2015-05-11T14:04:25.794361 #41444]  INFO -- nad-o-matic-ubuntu-certified-1404-201502252:     
[37m+# nad cookbook[0mI, [2015-05-11T14:04:25.794590 #41444]  INFO -- nad-o-matic-ubuntu-certified-1404-201502252: 
I, [2015-05-11T14:04:25.794624 #41444]  INFO -- nad-o-matic-ubuntu-certified-1404-201502252:     
I, [2015-05-11T14:04:25.794766 #41444]  INFO -- nad-o-matic-ubuntu-certified-1404-201502252: [37m+[0m
I, [2015-05-11T14:04:25.794800 #41444]  INFO -- nad-o-matic-ubuntu-certified-1404-201502252:     [37m+[0m
I, [2015-05-11T14:04:25.794824 #41444]  INFO -- nad-o-matic-ubuntu-certified-1404-201502252:     [37m+NAD_OPTS="-c /opt/circonus/etc/node-agent.d -p 2609 "[0m
[2015-05-11T12:04:25+00:00] INFO: template[/etc/default/nad] mode changed to 444I, [2015-05-11T14:04:25.803606 #41444]  INFO -- nad-o-matic-ubuntu-certified-1404-201502252: 
I, [2015-05-11T14:04:25.803826 #41444]  INFO -- nad-o-matic-ubuntu-certified-1404-201502252: 
    [32m- change mode from '0644' to '0444'[0mI, [2015-05-11T14:04:25.804236 #41444]  INFO -- nad-o-matic-ubuntu-certified-1404-201502252: 
I, [2015-05-11T14:04:25.804283 #41444]  INFO -- nad-o-matic-ubuntu-certified-1404-201502252: [0m
  * service[nad (restarter)] action nothingI, [2015-05-11T14:04:25.804573 #41444]  INFO -- nad-o-matic-ubuntu-certified-1404-201502252: [2015-05-11T12:04:25+00:00] INFO: Processing service[nad (restarter)] action nothing (nad::configure line 16)
I, [2015-05-11T14:04:25.804771 #41444]  INFO -- nad-o-matic-ubuntu-certified-1404-201502252:  (skipped due to action :nothing)
I, [2015-05-11T14:04:25.804957 #41444]  INFO -- nad-o-matic-ubuntu-certified-1404-201502252: Recipe: nad-o-matic::default[0m
  * template[/opt/circonus/sbin/register_via_nad.sh] action createI, [2015-05-11T14:04:25.805211 #41444]  INFO -- nad-o-matic-ubuntu-certified-1404-201502252: [2015-05-11T12:04:25+00:00] INFO: Processing template[/opt/circonus/sbin/register_via_nad.sh] action create (nad-o-matic::default line 3)
[2015-05-11T12:04:25+00:00] INFO: template[/opt/circonus/sbin/register_via_nad.sh] created file /opt/circonus/sbin/register_via_nad.shI, [2015-05-11T14:04:25.817247 #41444]  INFO -- nad-o-matic-ubuntu-certified-1404-201502252: 
I, [2015-05-11T14:04:25.817460 #41444]  INFO -- nad-o-matic-ubuntu-certified-1404-201502252: 
I, [2015-05-11T14:04:25.817507 #41444]  INFO -- nad-o-matic-ubuntu-certified-1404-201502252:     
[32m- create new file /opt/circonus/sbin/register_via_nad.sh[0mI, [2015-05-11T14:04:25.824205 #41444]  INFO -- nad-o-matic-ubuntu-certified-1404-201502252: [2015-05-11T12:04:25+00:00] INFO: template[/opt/circonus/sbin/register_via_nad.sh] updated file contents /opt/circonus/sbin/register_via_nad.sh
I, [2015-05-11T14:04:25.824499 #41444]  INFO -- nad-o-matic-ubuntu-certified-1404-201502252: 
    [32m- update content in file /opt/circonus/sbin/register_via_nad.sh from none to 8a09b1[0mI, [2015-05-11T14:04:25.825297 #41444]  INFO -- nad-o-matic-ubuntu-certified-1404-201502252: 
    [37m--- /opt/circonus/sbin/register_via_nad.sh	2015-05-11 12:04:25.795782138 +0000[0mI, [2015-05-11T14:04:25.826064 #41444]  INFO -- nad-o-matic-ubuntu-certified-1404-201502252: 
    [37m+++ /tmp/chef-rendered-template20150511-1481-db96sd	2015-05-11 12:04:25.799782138 +0000[0mI, [2015-05-11T14:04:25.826601 #41444]  INFO -- nad-o-matic-ubuntu-certified-1404-201502252: 
    [37m@@ -1 +1,15 @@[0mI, [2015-05-11T14:04:25.827319 #41444]  INFO -- nad-o-matic-ubuntu-certified-1404-201502252: 
    [37m+#!/bin/bash[0mI, [2015-05-11T14:04:25.828125 #41444]  INFO -- nad-o-matic-ubuntu-certified-1404-201502252: 
    [37m+[0mI, [2015-05-11T14:04:25.828744 #41444]  INFO -- nad-o-matic-ubuntu-certified-1404-201502252: 
    [37m+set -e[0mI, [2015-05-11T14:04:25.829298 #41444]  INFO -- nad-o-matic-ubuntu-certified-1404-201502252: 
    [37m+[0mI, [2015-05-11T14:04:25.829803 #41444]  INFO -- nad-o-matic-ubuntu-certified-1404-201502252: 
    [37m+export PATH=/opt/circonus/embedded/bin/:$PATH[0mI, [2015-05-11T14:04:25.830122 #41444]  INFO -- nad-o-matic-ubuntu-certified-1404-201502252: 
    [37m+export NODE_PATH="/opt/circonus/lib/node_modules"[0mI, [2015-05-11T14:04:25.830409 #41444]  INFO -- nad-o-matic-ubuntu-certified-1404-201502252: 
    [37m+[0mI, [2015-05-11T14:04:25.830694 #41444]  INFO -- nad-o-matic-ubuntu-certified-1404-201502252: 
I, [2015-05-11T14:04:25.830726 #41444]  INFO -- nad-o-matic-ubuntu-certified-1404-201502252:     [37m+authtoken=8c7a057e-18f8-4fe8-8549-63cc965f6dc0[0m
I, [2015-05-11T14:04:25.830868 #41444]  INFO -- nad-o-matic-ubuntu-certified-1404-201502252: 
    I, [2015-05-11T14:04:25.831093 #41444]  INFO -- nad-o-matic-ubuntu-certified-1404-201502252: [37m+target=37.153.96.138[0m
    [37m+hostname=e8dfa909-97fd-e7e4-9fb9-ee4a66dbab47[0mI, [2015-05-11T14:04:25.831583 #41444]  INFO -- nad-o-matic-ubuntu-certified-1404-201502252: 
    [37m+brokerid=335[0mI, [2015-05-11T14:04:25.831974 #41444]  INFO -- nad-o-matic-ubuntu-certified-1404-201502252: 
    [37m+configfile=/etc/nad.conf[0mI, [2015-05-11T14:04:25.832359 #41444]  INFO -- nad-o-matic-ubuntu-certified-1404-201502252: 
I, [2015-05-11T14:04:25.832394 #41444]  INFO -- nad-o-matic-ubuntu-certified-1404-201502252:     
[37m+[0mI, [2015-05-11T14:04:25.832659 #41444]  INFO -- nad-o-matic-ubuntu-certified-1404-201502252: 
I, [2015-05-11T14:04:25.832690 #41444]  INFO -- nad-o-matic-ubuntu-certified-1404-201502252:     
[37m+exec /opt/circonus/sbin/nad --authtoken $authtoken --target $target --hostname $hostname --brokerid $brokerid --configfile $configfile[0mI, [2015-05-11T14:04:25.832957 #41444]  INFO -- nad-o-matic-ubuntu-certified-1404-201502252: [2015-05-11T12:04:25+00:00] INFO: template[/opt/circonus/sbin/register_via_nad.sh] mode changed to 700
I, [2015-05-11T14:04:25.833128 #41444]  INFO -- nad-o-matic-ubuntu-certified-1404-201502252: 
I, [2015-05-11T14:04:25.833171 #41444]  INFO -- nad-o-matic-ubuntu-certified-1404-201502252:     [32m- change mode from '' to '0700'[0m
I, [2015-05-11T14:04:25.833337 #41444]  INFO -- nad-o-matic-ubuntu-certified-1404-201502252: 
I, [2015-05-11T14:04:25.833373 #41444]  INFO -- nad-o-matic-ubuntu-certified-1404-201502252: [0m
  * template[/etc/nad.conf] action createI, [2015-05-11T14:04:25.833650 #41444]  INFO -- nad-o-matic-ubuntu-certified-1404-201502252: [2015-05-11T12:04:25+00:00] INFO: Processing template[/etc/nad.conf] action create (nad-o-matic::default line 8)
I, [2015-05-11T14:04:25.847209 #41444]  INFO -- nad-o-matic-ubuntu-certified-1404-201502252: [2015-05-11T12:04:25+00:00] INFO: template[/etc/nad.conf] created file /etc/nad.conf
I, [2015-05-11T14:04:25.847436 #41444]  INFO -- nad-o-matic-ubuntu-certified-1404-201502252: 
    [32m- create new file /etc/nad.conf[0mI, [2015-05-11T14:04:25.852963 #41444]  INFO -- nad-o-matic-ubuntu-certified-1404-201502252: [2015-05-11T12:04:25+00:00] INFO: template[/etc/nad.conf] updated file contents /etc/nad.conf
I, [2015-05-11T14:04:25.853563 #41444]  INFO -- nad-o-matic-ubuntu-certified-1404-201502252: 
I, [2015-05-11T14:04:25.853728 #41444]  INFO -- nad-o-matic-ubuntu-certified-1404-201502252:     
I, [2015-05-11T14:04:25.854226 #41444]  INFO -- nad-o-matic-ubuntu-certified-1404-201502252: [32m- update content in file /etc/nad.conf from none to 9a3904[0m
I, [2015-05-11T14:04:25.854308 #41444]  INFO -- nad-o-matic-ubuntu-certified-1404-201502252:     [37m--- /etc/nad.conf
	2015-05-11 12:04:25.831782137 +0000[0mI, [2015-05-11T14:04:25.854797 #41444]  INFO -- nad-o-matic-ubuntu-certified-1404-201502252: 
    I, [2015-05-11T14:04:25.860614 #41444]  INFO -- nad-o-matic-ubuntu-certified-1404-201502252: [37m+++ /tmp/chef-rendered-template20150511-1481-83wscn	2015-05-11 12:04:25.831782137 +0000[0m
    [37m@@ -1 +1,112 @@[0mI, [2015-05-11T14:04:25.861344 #41444]  INFO -- nad-o-matic-ubuntu-certified-1404-201502252: 
    [37m+{[0mI, [2015-05-11T14:04:25.861959 #41444]  INFO -- nad-o-matic-ubuntu-certified-1404-201502252: 
I, [2015-05-11T14:04:25.861996 #41444]  INFO -- nad-o-matic-ubuntu-certified-1404-201502252:     
[37m+    "check": {[0mI, [2015-05-11T14:04:25.862308 #41444]  INFO -- nad-o-matic-ubuntu-certified-1404-201502252: 
I, [2015-05-11T14:04:25.862358 #41444]  INFO -- nad-o-matic-ubuntu-certified-1404-201502252:     
[37m+        "type": "json",[0mI, [2015-05-11T14:04:25.862638 #41444]  INFO -- nad-o-matic-ubuntu-certified-1404-201502252: 
    [37m+        "period": 60,[0mI, [2015-05-11T14:04:25.863082 #41444]  INFO -- nad-o-matic-ubuntu-certified-1404-201502252: 
I, [2015-05-11T14:04:25.863139 #41444]  INFO -- nad-o-matic-ubuntu-certified-1404-201502252:     
[37m+        "timeout": 10,[0mI, [2015-05-11T14:04:25.863495 #41444]  INFO -- nad-o-matic-ubuntu-certified-1404-201502252: 
I, [2015-05-11T14:04:25.863534 #41444]  INFO -- nad-o-matic-ubuntu-certified-1404-201502252:     
[37m+        "metrics": {[0mI, [2015-05-11T14:04:25.863866 #41444]  INFO -- nad-o-matic-ubuntu-certified-1404-201502252: 
    [37m+            "numeric": [[0mI, [2015-05-11T14:04:25.864361 #41444]  INFO -- nad-o-matic-ubuntu-certified-1404-201502252: 
    [37m+                "cpu`kernel",[0mI, [2015-05-11T14:04:25.864748 #41444]  INFO -- nad-o-matic-ubuntu-certified-1404-201502252: 
I, [2015-05-11T14:04:25.864802 #41444]  INFO -- nad-o-matic-ubuntu-certified-1404-201502252:     
[37m+                "cpu`user",[0mI, [2015-05-11T14:04:25.865060 #41444]  INFO -- nad-o-matic-ubuntu-certified-1404-201502252: 
    [37m+                "cpu`wait_io",[0mI, [2015-05-11T14:04:25.865424 #41444]  INFO -- nad-o-matic-ubuntu-certified-1404-201502252: 
I, [2015-05-11T14:04:25.865465 #41444]  INFO -- nad-o-matic-ubuntu-certified-1404-201502252:     
[37m+                "fs`/`used_percent",[0mI, [2015-05-11T14:04:25.865863 #41444]  INFO -- nad-o-matic-ubuntu-certified-1404-201502252: 
    [37m+                "fs`/mnt`used_percent",[0mI, [2015-05-11T14:04:25.866210 #41444]  INFO -- nad-o-matic-ubuntu-certified-1404-201502252: 
I, [2015-05-11T14:04:25.866251 #41444]  INFO -- nad-o-matic-ubuntu-certified-1404-201502252:     
[37m+                "vm`memory`total",[0mI, [2015-05-11T14:04:25.866523 #41444]  INFO -- nad-o-matic-ubuntu-certified-1404-201502252: 
    [37m+                "vm`memory`used"[0mI, [2015-05-11T14:04:25.867109 #41444]  INFO -- nad-o-matic-ubuntu-certified-1404-201502252: 
I, [2015-05-11T14:04:25.867152 #41444]  INFO -- nad-o-matic-ubuntu-certified-1404-201502252:     
[37m+            ],[0mI, [2015-05-11T14:04:25.867472 #41444]  INFO -- nad-o-matic-ubuntu-certified-1404-201502252: 
I, [2015-05-11T14:04:25.867510 #41444]  INFO -- nad-o-matic-ubuntu-certified-1404-201502252:     
[37m+            "text": [][0mI, [2015-05-11T14:04:25.867789 #41444]  INFO -- nad-o-matic-ubuntu-certified-1404-201502252: 
I, [2015-05-11T14:04:25.867858 #41444]  INFO -- nad-o-matic-ubuntu-certified-1404-201502252:     
I, [2015-05-11T14:04:25.868050 #41444]  INFO -- nad-o-matic-ubuntu-certified-1404-201502252: [37m+        },[0m
I, [2015-05-11T14:04:25.868080 #41444]  INFO -- nad-o-matic-ubuntu-certified-1404-201502252:     [37m+        "config": {[0m
    [37m+            "port": 2609[0mI, [2015-05-11T14:04:25.868478 #41444]  INFO -- nad-o-matic-ubuntu-certified-1404-201502252: 
    [37m+        }[0mI, [2015-05-11T14:04:25.868888 #41444]  INFO -- nad-o-matic-ubuntu-certified-1404-201502252: 
    [37m+    },[0mI, [2015-05-11T14:04:25.869099 #41444]  INFO -- nad-o-matic-ubuntu-certified-1404-201502252: 
I, [2015-05-11T14:04:25.869125 #41444]  INFO -- nad-o-matic-ubuntu-certified-1404-201502252:     
I, [2015-05-11T14:04:25.869249 #41444]  INFO -- nad-o-matic-ubuntu-certified-1404-201502252: [37m+    "graphs": {[0m
I, [2015-05-11T14:04:25.869302 #41444]  INFO -- nad-o-matic-ubuntu-certified-1404-201502252:     
[37m+        "CPU": {[0mI, [2015-05-11T14:04:25.869558 #41444]  INFO -- nad-o-matic-ubuntu-certified-1404-201502252: 
I, [2015-05-11T14:04:25.869586 #41444]  INFO -- nad-o-matic-ubuntu-certified-1404-201502252:     
[37m+            "max_left_y": 100,[0mI, [2015-05-11T14:04:25.869810 #41444]  INFO -- nad-o-matic-ubuntu-certified-1404-201502252: 
I, [2015-05-11T14:04:25.869843 #41444]  INFO -- nad-o-matic-ubuntu-certified-1404-201502252:     
[37m+            "style": "area",[0mI, [2015-05-11T14:04:25.870077 #41444]  INFO -- nad-o-matic-ubuntu-certified-1404-201502252: 
I, [2015-05-11T14:04:25.870111 #41444]  INFO -- nad-o-matic-ubuntu-certified-1404-201502252:     
[37m+            "datapoints": [[0mI, [2015-05-11T14:04:25.870346 #41444]  INFO -- nad-o-matic-ubuntu-certified-1404-201502252: 
I, [2015-05-11T14:04:25.870381 #41444]  INFO -- nad-o-matic-ubuntu-certified-1404-201502252:     
[37m+                {[0mI, [2015-05-11T14:04:25.870641 #41444]  INFO -- nad-o-matic-ubuntu-certified-1404-201502252: 
I, [2015-05-11T14:04:25.870675 #41444]  INFO -- nad-o-matic-ubuntu-certified-1404-201502252:     
[37m+                    "name": "kernel",[0mI, [2015-05-11T14:04:25.870951 #41444]  INFO -- nad-o-matic-ubuntu-certified-1404-201502252: 
I, [2015-05-11T14:04:25.870978 #41444]  INFO -- nad-o-matic-ubuntu-certified-1404-201502252:     
[37m+                    "metric_name": "cpu`kernel",[0mI, [2015-05-11T14:04:25.871241 #41444]  INFO -- nad-o-matic-ubuntu-certified-1404-201502252: 
I, [2015-05-11T14:04:25.871268 #41444]  INFO -- nad-o-matic-ubuntu-certified-1404-201502252:     
[37m+                    "metric_type": "numeric",[0mI, [2015-05-11T14:04:25.871508 #41444]  INFO -- nad-o-matic-ubuntu-certified-1404-201502252: 
I, [2015-05-11T14:04:25.871543 #41444]  INFO -- nad-o-matic-ubuntu-certified-1404-201502252:     
I, [2015-05-11T14:04:25.871682 #41444]  INFO -- nad-o-matic-ubuntu-certified-1404-201502252: [37m+                    "axis": "l",[0m
    [37m+                    "stack": 0,[0mI, [2015-05-11T14:04:25.871963 #41444]  INFO -- nad-o-matic-ubuntu-certified-1404-201502252: 
I, [2015-05-11T14:04:25.871999 #41444]  INFO -- nad-o-matic-ubuntu-certified-1404-201502252:     
[37m+                    "derive": "counter",[0mI, [2015-05-11T14:04:25.872247 #41444]  INFO -- nad-o-matic-ubuntu-certified-1404-201502252: 
    [37m+                    "hidden": false,[0mI, [2015-05-11T14:04:25.872595 #41444]  INFO -- nad-o-matic-ubuntu-certified-1404-201502252: 
I, [2015-05-11T14:04:25.872633 #41444]  INFO -- nad-o-matic-ubuntu-certified-1404-201502252:     
[37m+                    "alpha": 0.3[0mI, [2015-05-11T14:04:25.872913 #41444]  INFO -- nad-o-matic-ubuntu-certified-1404-201502252: 
    [37m+                },[0mI, [2015-05-11T14:04:25.873174 #41444]  INFO -- nad-o-matic-ubuntu-certified-1404-201502252: 
I, [2015-05-11T14:04:25.873226 #41444]  INFO -- nad-o-matic-ubuntu-certified-1404-201502252:     
I, [2015-05-11T14:04:25.873402 #41444]  INFO -- nad-o-matic-ubuntu-certified-1404-201502252: [37m+                {[0m
    [37m+                    "name": "user",[0mI, [2015-05-11T14:04:25.873679 #41444]  INFO -- nad-o-matic-ubuntu-certified-1404-201502252: 
I, [2015-05-11T14:04:25.873717 #41444]  INFO -- nad-o-matic-ubuntu-certified-1404-201502252:     
I, [2015-05-11T14:04:25.873868 #41444]  INFO -- nad-o-matic-ubuntu-certified-1404-201502252: [37m+                    "metric_name": "cpu`user",[0m
    [37m+                    "metric_type": "numeric",[0mI, [2015-05-11T14:04:25.874132 #41444]  INFO -- nad-o-matic-ubuntu-certified-1404-201502252: 
I, [2015-05-11T14:04:25.874168 #41444]  INFO -- nad-o-matic-ubuntu-certified-1404-201502252:     
[37m+                    "axis": "l",[0mI, [2015-05-11T14:04:25.874407 #41444]  INFO -- nad-o-matic-ubuntu-certified-1404-201502252: 
    [37m+                    "stack": 0,[0mI, [2015-05-11T14:04:25.874758 #41444]  INFO -- nad-o-matic-ubuntu-certified-1404-201502252: 
I, [2015-05-11T14:04:25.874792 #41444]  INFO -- nad-o-matic-ubuntu-certified-1404-201502252:     
[37m+                    "derive": "counter",[0mI, [2015-05-11T14:04:25.875148 #41444]  INFO -- nad-o-matic-ubuntu-certified-1404-201502252: 
    [37m+                    "hidden": false,[0mI, [2015-05-11T14:04:25.875409 #41444]  INFO -- nad-o-matic-ubuntu-certified-1404-201502252: 
I, [2015-05-11T14:04:25.875446 #41444]  INFO -- nad-o-matic-ubuntu-certified-1404-201502252:     
I, [2015-05-11T14:04:25.875588 #41444]  INFO -- nad-o-matic-ubuntu-certified-1404-201502252: [37m+                    "alpha": 0.3[0m
    [37m+                },[0mI, [2015-05-11T14:04:25.875851 #41444]  INFO -- nad-o-matic-ubuntu-certified-1404-201502252: 
I, [2015-05-11T14:04:25.875887 #41444]  INFO -- nad-o-matic-ubuntu-certified-1404-201502252:     
I, [2015-05-11T14:04:25.876030 #41444]  INFO -- nad-o-matic-ubuntu-certified-1404-201502252: [37m+                {[0m
    [37m+                    "name": "wait_io",[0mI, [2015-05-11T14:04:25.876298 #41444]  INFO -- nad-o-matic-ubuntu-certified-1404-201502252: 
    I, [2015-05-11T14:04:25.876546 #41444]  INFO -- nad-o-matic-ubuntu-certified-1404-201502252: [37m+                    "metric_name": "cpu`wait_io",[0m
    I, [2015-05-11T14:04:25.878844 #41444]  INFO -- nad-o-matic-ubuntu-certified-1404-201502252: [37m+                    "metric_type": "numeric",[0m
    [37m+                    "axis": "r",[0mI, [2015-05-11T14:04:25.879285 #41444]  INFO -- nad-o-matic-ubuntu-certified-1404-201502252: 
I, [2015-05-11T14:04:25.879384 #41444]  INFO -- nad-o-matic-ubuntu-certified-1404-201502252:     
I, [2015-05-11T14:04:25.879689 #41444]  INFO -- nad-o-matic-ubuntu-certified-1404-201502252: [37m+                    "stack": null,[0m
    [37m+                    "derive": "counter",[0mI, [2015-05-11T14:04:25.879913 #41444]  INFO -- nad-o-matic-ubuntu-certified-1404-201502252: 
I, [2015-05-11T14:04:25.879983 #41444]  INFO -- nad-o-matic-ubuntu-certified-1404-201502252:     
I, [2015-05-11T14:04:25.880241 #41444]  INFO -- nad-o-matic-ubuntu-certified-1404-201502252: [37m+                    "hidden": false,[0m
    [37m+                    "color": "#ff0000"[0mI, [2015-05-11T14:04:25.880524 #41444]  INFO -- nad-o-matic-ubuntu-certified-1404-201502252: 
I, [2015-05-11T14:04:25.880557 #41444]  INFO -- nad-o-matic-ubuntu-certified-1404-201502252:     
I, [2015-05-11T14:04:25.880711 #41444]  INFO -- nad-o-matic-ubuntu-certified-1404-201502252: [37m+                }[0m
    I, [2015-05-11T14:04:25.881089 #41444]  INFO -- nad-o-matic-ubuntu-certified-1404-201502252: [37m+            ][0m
    [37m+        },[0mI, [2015-05-11T14:04:25.881490 #41444]  INFO -- nad-o-matic-ubuntu-certified-1404-201502252: 
I, [2015-05-11T14:04:25.881542 #41444]  INFO -- nad-o-matic-ubuntu-certified-1404-201502252:     
I, [2015-05-11T14:04:25.881725 #41444]  INFO -- nad-o-matic-ubuntu-certified-1404-201502252: [37m+        "Disk": {[0m
    [37m+            "max_left_y": 100,[0mI, [2015-05-11T14:04:25.882005 #41444]  INFO -- nad-o-matic-ubuntu-certified-1404-201502252: 
I, [2015-05-11T14:04:25.882033 #41444]  INFO -- nad-o-matic-ubuntu-certified-1404-201502252:     
[37m+            "style": "area",[0mI, [2015-05-11T14:04:25.882263 #41444]  INFO -- nad-o-matic-ubuntu-certified-1404-201502252: 
I, [2015-05-11T14:04:25.882290 #41444]  INFO -- nad-o-matic-ubuntu-certified-1404-201502252:     
[37m+            "datapoints": [[0mI, [2015-05-11T14:04:25.882516 #41444]  INFO -- nad-o-matic-ubuntu-certified-1404-201502252: 
I, [2015-05-11T14:04:25.882550 #41444]  INFO -- nad-o-matic-ubuntu-certified-1404-201502252:     
I, [2015-05-11T14:04:25.882740 #41444]  INFO -- nad-o-matic-ubuntu-certified-1404-201502252: [37m+                {[0m
    I, [2015-05-11T14:04:25.882994 #41444]  INFO -- nad-o-matic-ubuntu-certified-1404-201502252: [37m+                    "name": "% used: /",[0m
    I, [2015-05-11T14:04:25.883288 #41444]  INFO -- nad-o-matic-ubuntu-certified-1404-201502252: [37m+                    "metric_name": "fs`/`used_percent",[0m
    [37m+                    "metric_type": "numeric",[0mI, [2015-05-11T14:04:25.883608 #41444]  INFO -- nad-o-matic-ubuntu-certified-1404-201502252: 
I, [2015-05-11T14:04:25.883680 #41444]  INFO -- nad-o-matic-ubuntu-certified-1404-201502252:     
I, [2015-05-11T14:04:25.883848 #41444]  INFO -- nad-o-matic-ubuntu-certified-1404-201502252: [37m+                    "axis": "l",[0m
    [37m+                    "stack": null,[0mI, [2015-05-11T14:04:25.884195 #41444]  INFO -- nad-o-matic-ubuntu-certified-1404-201502252: 
I, [2015-05-11T14:04:25.884230 #41444]  INFO -- nad-o-matic-ubuntu-certified-1404-201502252:     
I, [2015-05-11T14:04:25.884393 #41444]  INFO -- nad-o-matic-ubuntu-certified-1404-201502252: [37m+                    "derive": "gauge",[0m
    [37m+                    "hidden": false,[0mI, [2015-05-11T14:04:25.884654 #41444]  INFO -- nad-o-matic-ubuntu-certified-1404-201502252: 
I, [2015-05-11T14:04:25.884683 #41444]  INFO -- nad-o-matic-ubuntu-certified-1404-201502252:     
I, [2015-05-11T14:04:25.884828 #41444]  INFO -- nad-o-matic-ubuntu-certified-1404-201502252: [37m+                    "alpha": 0.3[0m
    I, [2015-05-11T14:04:25.885092 #41444]  INFO -- nad-o-matic-ubuntu-certified-1404-201502252: [37m+                },[0m
    I, [2015-05-11T14:04:25.885330 #41444]  INFO -- nad-o-matic-ubuntu-certified-1404-201502252: [37m+                {[0m
    [37m+                    "name": "% used: /mnt",[0mI, [2015-05-11T14:04:25.885742 #41444]  INFO -- nad-o-matic-ubuntu-certified-1404-201502252: 
I, [2015-05-11T14:04:25.885781 #41444]  INFO -- nad-o-matic-ubuntu-certified-1404-201502252:     
I, [2015-05-11T14:04:25.885925 #41444]  INFO -- nad-o-matic-ubuntu-certified-1404-201502252: [37m+                    "metric_name": "fs`/mnt`used_percent",[0m
    [37m+                    "metric_type": "numeric",[0mI, [2015-05-11T14:04:25.886185 #41444]  INFO -- nad-o-matic-ubuntu-certified-1404-201502252: 
I, [2015-05-11T14:04:25.886233 #41444]  INFO -- nad-o-matic-ubuntu-certified-1404-201502252:     
I, [2015-05-11T14:04:25.886378 #41444]  INFO -- nad-o-matic-ubuntu-certified-1404-201502252: [37m+                    "axis": "l",[0m
    [37m+                    "stack": null,[0mI, [2015-05-11T14:04:25.886774 #41444]  INFO -- nad-o-matic-ubuntu-certified-1404-201502252: 
I, [2015-05-11T14:04:25.886816 #41444]  INFO -- nad-o-matic-ubuntu-certified-1404-201502252:     
I, [2015-05-11T14:04:25.887006 #41444]  INFO -- nad-o-matic-ubuntu-certified-1404-201502252: [37m+                    "derive": "gauge",[0m
    [37m+                    "hidden": false,[0mI, [2015-05-11T14:04:25.887268 #41444]  INFO -- nad-o-matic-ubuntu-certified-1404-201502252: 
I, [2015-05-11T14:04:25.887306 #41444]  INFO -- nad-o-matic-ubuntu-certified-1404-201502252:     
I, [2015-05-11T14:04:25.887416 #41444]  INFO -- nad-o-matic-ubuntu-certified-1404-201502252: [37m+                    "alpha": 0.3[0m
    [37m+                }[0mI, [2015-05-11T14:04:25.887711 #41444]  INFO -- nad-o-matic-ubuntu-certified-1404-201502252: 
I, [2015-05-11T14:04:25.887737 #41444]  INFO -- nad-o-matic-ubuntu-certified-1404-201502252:     [37m+            ][0m
I, [2015-05-11T14:04:25.887890 #41444]  INFO -- nad-o-matic-ubuntu-certified-1404-201502252: 
    [37m+        },[0mI, [2015-05-11T14:04:25.888031 #41444]  INFO -- nad-o-matic-ubuntu-certified-1404-201502252: 
I, [2015-05-11T14:04:25.888051 #41444]  INFO -- nad-o-matic-ubuntu-certified-1404-201502252:     
[37m+        "Memory": {[0mI, [2015-05-11T14:04:25.888189 #41444]  INFO -- nad-o-matic-ubuntu-certified-1404-201502252: 
I, [2015-05-11T14:04:25.888209 #41444]  INFO -- nad-o-matic-ubuntu-certified-1404-201502252:     
I, [2015-05-11T14:04:25.888293 #41444]  INFO -- nad-o-matic-ubuntu-certified-1404-201502252: [37m+            "style": "area",[0m
    [37m+            "datapoints": [[0mI, [2015-05-11T14:04:25.888431 #41444]  INFO -- nad-o-matic-ubuntu-certified-1404-201502252: 
I, [2015-05-11T14:04:25.888450 #41444]  INFO -- nad-o-matic-ubuntu-certified-1404-201502252:     
I, [2015-05-11T14:04:25.888533 #41444]  INFO -- nad-o-matic-ubuntu-certified-1404-201502252: [37m+                {[0m
    [37m+                    "name": "Total",[0mI, [2015-05-11T14:04:25.888674 #41444]  INFO -- nad-o-matic-ubuntu-certified-1404-201502252: 
I, [2015-05-11T14:04:25.888694 #41444]  INFO -- nad-o-matic-ubuntu-certified-1404-201502252:     
I, [2015-05-11T14:04:25.888779 #41444]  INFO -- nad-o-matic-ubuntu-certified-1404-201502252: [37m+                    "metric_name": "vm`memory`total",[0m
    [37m+                    "metric_type": "numeric",[0mI, [2015-05-11T14:04:25.889633 #41444]  INFO -- nad-o-matic-ubuntu-certified-1404-201502252: 
I, [2015-05-11T14:04:25.889669 #41444]  INFO -- nad-o-matic-ubuntu-certified-1404-201502252:     
I, [2015-05-11T14:04:25.889769 #41444]  INFO -- nad-o-matic-ubuntu-certified-1404-201502252: [37m+                    "axis": "l",[0m
I, [2015-05-11T14:04:25.889861 #41444]  INFO -- nad-o-matic-ubuntu-certified-1404-201502252:     [37m+                    "stack": null,[0m
I, [2015-05-11T14:04:25.889884 #41444]  INFO -- nad-o-matic-ubuntu-certified-1404-201502252:     [37m+                    "derive": "gauge",[0m
I, [2015-05-11T14:04:25.889900 #41444]  INFO -- nad-o-matic-ubuntu-certified-1404-201502252:     [37m+                    "hidden": false,[0m
I, [2015-05-11T14:04:25.890000 #41444]  INFO -- nad-o-matic-ubuntu-certified-1404-201502252: 
I, [2015-05-11T14:04:25.890021 #41444]  INFO -- nad-o-matic-ubuntu-certified-1404-201502252:     [37m+                    "alpha": 0.3[0m
I, [2015-05-11T14:04:25.905438 #41444]  INFO -- nad-o-matic-ubuntu-certified-1404-201502252: 
I, [2015-05-11T14:04:25.905681 #41444]  INFO -- nad-o-matic-ubuntu-certified-1404-201502252:     
[37m+                },[0mI, [2015-05-11T14:04:25.906320 #41444]  INFO -- nad-o-matic-ubuntu-certified-1404-201502252: 
I, [2015-05-11T14:04:25.906398 #41444]  INFO -- nad-o-matic-ubuntu-certified-1404-201502252:     [37m+                {[0m
I, [2015-05-11T14:04:25.906659 #41444]  INFO -- nad-o-matic-ubuntu-certified-1404-201502252: 
I, [2015-05-11T14:04:25.906706 #41444]  INFO -- nad-o-matic-ubuntu-certified-1404-201502252:     
[37m+                    "name": "Used",[0mI, [2015-05-11T14:04:25.912963 #41444]  INFO -- nad-o-matic-ubuntu-certified-1404-201502252: 
    [37m+                    "metric_name": "vm`memory`used",[0mI, [2015-05-11T14:04:25.913390 #41444]  INFO -- nad-o-matic-ubuntu-certified-1404-201502252: 
I, [2015-05-11T14:04:25.913455 #41444]  INFO -- nad-o-matic-ubuntu-certified-1404-201502252:     
I, [2015-05-11T14:04:25.913684 #41444]  INFO -- nad-o-matic-ubuntu-certified-1404-201502252: [37m+                    "metric_type": "numeric",[0m
    [37m+                    "axis": "l",[0mI, [2015-05-11T14:04:25.914214 #41444]  INFO -- nad-o-matic-ubuntu-certified-1404-201502252: 
I, [2015-05-11T14:04:25.914268 #41444]  INFO -- nad-o-matic-ubuntu-certified-1404-201502252:     [37m+                    "stack": null,[0m
I, [2015-05-11T14:04:25.914459 #41444]  INFO -- nad-o-matic-ubuntu-certified-1404-201502252: 
I, [2015-05-11T14:04:25.914509 #41444]  INFO -- nad-o-matic-ubuntu-certified-1404-201502252:     
[37m+                    "derive": "gauge",[0mI, [2015-05-11T14:04:25.914757 #41444]  INFO -- nad-o-matic-ubuntu-certified-1404-201502252: 
I, [2015-05-11T14:04:25.914792 #41444]  INFO -- nad-o-matic-ubuntu-certified-1404-201502252:     
I, [2015-05-11T14:04:25.914959 #41444]  INFO -- nad-o-matic-ubuntu-certified-1404-201502252: [37m+                    "hidden": false,[0m
    [37m+                    "alpha": 0.3[0mI, [2015-05-11T14:04:25.915309 #41444]  INFO -- nad-o-matic-ubuntu-certified-1404-201502252: 
I, [2015-05-11T14:04:25.915346 #41444]  INFO -- nad-o-matic-ubuntu-certified-1404-201502252:     
I, [2015-05-11T14:04:25.915496 #41444]  INFO -- nad-o-matic-ubuntu-certified-1404-201502252: [37m+                }[0m
    [37m+            ][0mI, [2015-05-11T14:04:25.915729 #41444]  INFO -- nad-o-matic-ubuntu-certified-1404-201502252: 
I, [2015-05-11T14:04:25.915759 #41444]  INFO -- nad-o-matic-ubuntu-certified-1404-201502252:     
I, [2015-05-11T14:04:25.915900 #41444]  INFO -- nad-o-matic-ubuntu-certified-1404-201502252: [37m+        }[0m
    I, [2015-05-11T14:04:25.916104 #41444]  INFO -- nad-o-matic-ubuntu-certified-1404-201502252: [37m+    }[0m
    [37m+}[0mI, [2015-05-11T14:04:25.916315 #41444]  INFO -- nad-o-matic-ubuntu-certified-1404-201502252: 
I, [2015-05-11T14:04:25.916347 #41444]  INFO -- nad-o-matic-ubuntu-certified-1404-201502252: [0m
  * execute[register_via_nad] action nothingI, [2015-05-11T14:04:25.916642 #41444]  INFO -- nad-o-matic-ubuntu-certified-1404-201502252: [2015-05-11T12:04:25+00:00] INFO: Processing execute[register_via_nad] action nothing (nad-o-matic::default line 13)
I, [2015-05-11T14:04:25.916795 #41444]  INFO -- nad-o-matic-ubuntu-certified-1404-201502252:  (skipped due to action :nothing)
I, [2015-05-11T14:04:25.917070 #41444]  INFO -- nad-o-matic-ubuntu-certified-1404-201502252: [2015-05-11T12:04:25+00:00] INFO: template[/etc/default/nad] sending restart action to service[nad (restarter)] (delayed)
I, [2015-05-11T14:04:25.917219 #41444]  INFO -- nad-o-matic-ubuntu-certified-1404-201502252: Recipe: nad::configure[0m
  * service[nad (restarter)] action restartI, [2015-05-11T14:04:25.917445 #41444]  INFO -- nad-o-matic-ubuntu-certified-1404-201502252: [2015-05-11T12:04:25+00:00] INFO: Processing service[nad (restarter)] action restart (nad::configure line 16)
I, [2015-05-11T14:04:27.991676 #41444]  INFO -- nad-o-matic-ubuntu-certified-1404-201502252: [2015-05-11T12:04:27+00:00] INFO: service[nad (restarter)] restarted
I, [2015-05-11T14:04:27.991755 #41444]  INFO -- nad-o-matic-ubuntu-certified-1404-201502252: 
I, [2015-05-11T14:04:27.991785 #41444]  INFO -- nad-o-matic-ubuntu-certified-1404-201502252:     [32m- restart service service[nad (restarter)][0m
I, [2015-05-11T14:04:27.991837 #41444]  INFO -- nad-o-matic-ubuntu-certified-1404-201502252: [0m
I, [2015-05-11T14:04:27.992174 #41444]  INFO -- nad-o-matic-ubuntu-certified-1404-201502252: [2015-05-11T12:04:27+00:00] INFO: template[/etc/nad.conf] sending run action to execute[register_via_nad] (delayed)
I, [2015-05-11T14:04:27.992389 #41444]  INFO -- nad-o-matic-ubuntu-certified-1404-201502252: Recipe: nad-o-matic::default[0m
  * execute[register_via_nad] action runI, [2015-05-11T14:04:27.993013 #41444]  INFO -- nad-o-matic-ubuntu-certified-1404-201502252: [2015-05-11T12:04:27+00:00] INFO: Processing execute[register_via_nad] action run (nad-o-matic::default line 13)
[2015-05-11T12:04:28+00:00] ERROR: execute[register_via_nad] (nad-o-matic::default line 13) had an error: Mixlib::ShellOut::ShellCommandFailed: Expected process to exit with [0], but received '1'I, [2015-05-11T14:04:28.691641 #41444]  INFO -- nad-o-matic-ubuntu-certified-1404-201502252: 
---- Begin output of /opt/circonus/sbin/register_via_nad.sh ----I, [2015-05-11T14:04:28.692232 #41444]  INFO -- nad-o-matic-ubuntu-certified-1404-201502252: 
STDOUT: I, [2015-05-11T14:04:28.692709 #41444]  INFO -- nad-o-matic-ubuntu-certified-1404-201502252: 
STDERR: Error from Circonus API: Authentication token '8c7a057e-18f8-4fe8-8549-63cc965f6dc0' is not validI, [2015-05-11T14:04:28.693201 #41444]  INFO -- nad-o-matic-ubuntu-certified-1404-201502252: 
---- End output of /opt/circonus/sbin/register_via_nad.sh ----I, [2015-05-11T14:04:28.693698 #41444]  INFO -- nad-o-matic-ubuntu-certified-1404-201502252: 
Ran /opt/circonus/sbin/register_via_nad.sh returned 1; ignore_failure is set, continuingI, [2015-05-11T14:04:28.724915 #41444]  INFO -- nad-o-matic-ubuntu-certified-1404-201502252: 
I, [2015-05-11T14:04:28.725162 #41444]  INFO -- nad-o-matic-ubuntu-certified-1404-201502252: 
    [0mI, [2015-05-11T14:04:28.726057 #41444]  INFO -- nad-o-matic-ubuntu-certified-1404-201502252: 
    ================================================================================[0mI, [2015-05-11T14:04:28.726509 #41444]  INFO -- nad-o-matic-ubuntu-certified-1404-201502252: 
    [31mError executing action `run` on resource 'execute[register_via_nad]'[0mI, [2015-05-11T14:04:28.726968 #41444]  INFO -- nad-o-matic-ubuntu-certified-1404-201502252: 
    ================================================================================[0mI, [2015-05-11T14:04:28.727316 #41444]  INFO -- nad-o-matic-ubuntu-certified-1404-201502252: 
    I, [2015-05-11T14:04:28.727540 #41444]  INFO -- nad-o-matic-ubuntu-certified-1404-201502252: 
[0m    Mixlib::ShellOut::ShellCommandFailed[0mI, [2015-05-11T14:04:28.728116 #41444]  INFO -- nad-o-matic-ubuntu-certified-1404-201502252: 
    ------------------------------------[0mI, [2015-05-11T14:04:28.728448 #41444]  INFO -- nad-o-matic-ubuntu-certified-1404-201502252: 
    Expected process to exit with [0], but received '1'I, [2015-05-11T14:04:28.728755 #41444]  INFO -- nad-o-matic-ubuntu-certified-1404-201502252: 
[0m    ---- Begin output of /opt/circonus/sbin/register_via_nad.sh ----I, [2015-05-11T14:04:28.729140 #41444]  INFO -- nad-o-matic-ubuntu-certified-1404-201502252: 
[0m    STDOUT: I, [2015-05-11T14:04:28.729522 #41444]  INFO -- nad-o-matic-ubuntu-certified-1404-201502252: 
[0m    STDERR: Error from Circonus API: Authentication token '8c7a057e-18f8-4fe8-8549-63cc965f6dc0' is not validI, [2015-05-11T14:04:28.729909 #41444]  INFO -- nad-o-matic-ubuntu-certified-1404-201502252: 
[0m    ---- End output of /opt/circonus/sbin/register_via_nad.sh ----I, [2015-05-11T14:04:28.730296 #41444]  INFO -- nad-o-matic-ubuntu-certified-1404-201502252: 
[0m    Ran /opt/circonus/sbin/register_via_nad.sh returned 1[0mI, [2015-05-11T14:04:28.730683 #41444]  INFO -- nad-o-matic-ubuntu-certified-1404-201502252: 
    I, [2015-05-11T14:04:28.731004 #41444]  INFO -- nad-o-matic-ubuntu-certified-1404-201502252: 
[0m    Resource Declaration:[0mI, [2015-05-11T14:04:28.738414 #41444]  INFO -- nad-o-matic-ubuntu-certified-1404-201502252: 
    ---------------------[0mI, [2015-05-11T14:04:28.738957 #41444]  INFO -- nad-o-matic-ubuntu-certified-1404-201502252: 
    # In /tmp/kitchen/cache/cookbooks/nad-o-matic/recipes/default.rbI, [2015-05-11T14:04:28.739351 #41444]  INFO -- nad-o-matic-ubuntu-certified-1404-201502252: 
[0m    I, [2015-05-11T14:04:28.739730 #41444]  INFO -- nad-o-matic-ubuntu-certified-1404-201502252: 
[0m     13: execute 'register_via_nad' doI, [2015-05-11T14:04:28.740220 #41444]  INFO -- nad-o-matic-ubuntu-certified-1404-201502252: 
[0m     14:   command "#{node['nad']['install_path']}/sbin/register_via_nad.sh"I, [2015-05-11T14:04:28.740782 #41444]  INFO -- nad-o-matic-ubuntu-certified-1404-201502252: 
[0m     15:   action :nothingI, [2015-05-11T14:04:28.741311 #41444]  INFO -- nad-o-matic-ubuntu-certified-1404-201502252: 
[0m     16:   ignore_failure trueI, [2015-05-11T14:04:28.741806 #41444]  INFO -- nad-o-matic-ubuntu-certified-1404-201502252: 
[0m     17: endI, [2015-05-11T14:04:28.742302 #41444]  INFO -- nad-o-matic-ubuntu-certified-1404-201502252: 
[0m    I, [2015-05-11T14:04:28.742798 #41444]  INFO -- nad-o-matic-ubuntu-certified-1404-201502252: 
[0m    Compiled Resource:[0mI, [2015-05-11T14:04:28.743335 #41444]  INFO -- nad-o-matic-ubuntu-certified-1404-201502252: 
    ------------------[0mI, [2015-05-11T14:04:28.743693 #41444]  INFO -- nad-o-matic-ubuntu-certified-1404-201502252: 
    # Declared in /tmp/kitchen/cache/cookbooks/nad-o-matic/recipes/default.rb:13:in `from_file'I, [2015-05-11T14:04:28.744059 #41444]  INFO -- nad-o-matic-ubuntu-certified-1404-201502252: 
[0m    I, [2015-05-11T14:04:28.744437 #41444]  INFO -- nad-o-matic-ubuntu-certified-1404-201502252: 
[0m    execute("register_via_nad") doI, [2015-05-11T14:04:28.744933 #41444]  INFO -- nad-o-matic-ubuntu-certified-1404-201502252: 
[0m      action [:nothing]I, [2015-05-11T14:04:28.745341 #41444]  INFO -- nad-o-matic-ubuntu-certified-1404-201502252: 
[0m      ignore_failure trueI, [2015-05-11T14:04:28.745802 #41444]  INFO -- nad-o-matic-ubuntu-certified-1404-201502252: 
[0m      retries 0I, [2015-05-11T14:04:28.746222 #41444]  INFO -- nad-o-matic-ubuntu-certified-1404-201502252: 
[0m      retry_delay 2I, [2015-05-11T14:04:28.746637 #41444]  INFO -- nad-o-matic-ubuntu-certified-1404-201502252: 
[0m      guard_interpreter :defaultI, [2015-05-11T14:04:28.747052 #41444]  INFO -- nad-o-matic-ubuntu-certified-1404-201502252: 
[0m      command "/opt/circonus/sbin/register_via_nad.sh"I, [2015-05-11T14:04:28.747618 #41444]  INFO -- nad-o-matic-ubuntu-certified-1404-201502252: 
[0m      backup 5I, [2015-05-11T14:04:28.748055 #41444]  INFO -- nad-o-matic-ubuntu-certified-1404-201502252: 
[0m      returns 0I, [2015-05-11T14:04:28.748501 #41444]  INFO -- nad-o-matic-ubuntu-certified-1404-201502252: 
[0m      cookbook_name "nad-o-matic"I, [2015-05-11T14:04:28.748958 #41444]  INFO -- nad-o-matic-ubuntu-certified-1404-201502252: 
[0m      recipe_name "default"I, [2015-05-11T14:04:28.749417 #41444]  INFO -- nad-o-matic-ubuntu-certified-1404-201502252: 
[0m    endI, [2015-05-11T14:04:28.749931 #41444]  INFO -- nad-o-matic-ubuntu-certified-1404-201502252: 
[0m    I, [2015-05-11T14:04:28.750309 #41444]  INFO -- nad-o-matic-ubuntu-certified-1404-201502252: 
[0mI, [2015-05-11T14:04:28.758334 #41444]  INFO -- nad-o-matic-ubuntu-certified-1404-201502252: [2015-05-11T12:04:28+00:00] INFO: Chef Run complete in 13.292344278 seconds
[0mI, [2015-05-11T14:04:28.761486 #41444]  INFO -- nad-o-matic-ubuntu-certified-1404-201502252: 
I, [2015-05-11T14:04:28.761748 #41444]  INFO -- nad-o-matic-ubuntu-certified-1404-201502252: Running handlers:[0m
I, [2015-05-11T14:04:28.762023 #41444]  INFO -- nad-o-matic-ubuntu-certified-1404-201502252: [2015-05-11T12:04:28+00:00] INFO: Running report handlers
I, [2015-05-11T14:04:28.762182 #41444]  INFO -- nad-o-matic-ubuntu-certified-1404-201502252: Running handlers complete
I, [2015-05-11T14:04:28.762228 #41444]  INFO -- nad-o-matic-ubuntu-certified-1404-201502252: [0m
I, [2015-05-11T14:04:28.762419 #41444]  INFO -- nad-o-matic-ubuntu-certified-1404-201502252: [2015-05-11T12:04:28+00:00] INFO: Report handlers complete
I, [2015-05-11T14:04:28.763071 #41444]  INFO -- nad-o-matic-ubuntu-certified-1404-201502252: Chef Client finished, 7/8 resources updated in 14.643550598 seconds[0m
I, [2015-05-11T14:04:30.768502 #41444]  INFO -- nad-o-matic-ubuntu-certified-1404-201502252: Finished converging <nad-o-matic-ubuntu-certified-1404-201502252> (0m40.89s).
I, [2015-05-11T14:04:30.768618 #41444]  INFO -- nad-o-matic-ubuntu-certified-1404-201502252: -----> Setting up <nad-o-matic-ubuntu-certified-1404-201502252>...
I, [2015-05-11T14:04:30.777119 #41444]  INFO -- nad-o-matic-ubuntu-certified-1404-201502252: Finished setting up <nad-o-matic-ubuntu-certified-1404-201502252> (0m0.00s).
I, [2015-05-11T14:04:30.777283 #41444]  INFO -- nad-o-matic-ubuntu-certified-1404-201502252: -----> Verifying <nad-o-matic-ubuntu-certified-1404-201502252>...
I, [2015-05-11T14:04:30.778679 #41444]  INFO -- nad-o-matic-ubuntu-certified-1404-201502252: Finished verifying <nad-o-matic-ubuntu-certified-1404-201502252> (0m0.00s).
